Running: TIME="#walltime %e\n#systime %S\n#usertime %U\n#maxmem %M\n#CPU %P" /usr/bin/time --output=grpcreate.log_time ./grpcreate.log_tmp.sh
[INFO] ---- creating MeanVertex ----
[INFO] Init CcdApi with UserAgentID: jarvis5-1680791449-JVdazI, Host: http://alice-ccdb.cern.ch(cache snapshots to dir=/storage1/daviddc/k0gun/.ccdb, prefer if available)
[INFO] Fetching /GLO/Calib/MeanVertex from CCDB
DN >>> C=ch/O=AliEn2/CN=Users/CN=ddobrigk/OU=ddobrigk
ISSUER >>> C=ch/O=AliEn2/CN=AliEn CA
BEGIN >>> 2023-04-06 12:29:53
EXPIRE >>> 2023-05-07 14:29:53
Info in <TJAlienConnectionManager>: Opening connection to JCentral. Please wait
Info in <TJAlienConnectionManager>: Opening connection to 137.138.99.172
Info in <TJAlienConnectionManager>: Successfully connected to 137.138.99.172
Info in <TJAlienFile::Open>: Accessing file /alice/data/CCDB/GLO/Calib/MeanVertex/10/06884/9c31089f-2c77-11ed-ac0b-2a010e0a0b16 in SE <ALICE::CCIN2P3::SE>
[INFO] ccdb reads http://alice-ccdb.cern.ch//GLO/Calib/MeanVertex/1546300800000/9c31089f-2c77-11ed-ac0b-2a010e0a0b16 for 1546300800000 (retrieve, agent_id: jarvis5-1680791449-JVdazI), 
[INFO]  --- creating GRP ECS -----
[INFO] Init CcdApi with UserAgentID: jarvis5-1680791458-ftPC5a, Host: http://alice-ccdb.cern.ch/(cache snapshots to dir=/storage1/daviddc/k0gun/.ccdb, prefer if available)
[INFO] CCDB Time-machine constrained detected. Setting condition-not-after constrained to timestamp 3385078236000
Run 300000 of type PHYSICS, period , isMC: 1
ECS/CTP Start: 01/01/19 00:00:00 UTC/        N / A         | End: 01/01/19 01:00:00 UTC/        N / A        
Number of HBF per timframe: 128
Detectors: Cont.RO Triggers
      ITS:    +       -    
      TPC:    +       -    
      TRD:    -       -    
      TOF:    +       -    
      PHS:    -       -    
      CPV:    -       -    
      EMC:    -       -    
      HMP:    -       -    
      MFT:    +       -    
      MCH:    +       -    
      MID:    +       -    
      ZDC:    +       -    
      FT0:    +       -    
      FV0:    +       -    
      FDD:    +       -    
      TST:    +       -    
      CTP:    +       -    
      FOC:    +       -    
List of FLPs used

[INFO] file grp_grpecs.root copied/published to "/storage1/daviddc/k0gun/.ccdb/GLO/Config/GRPECS/snapshot.root"
[INFO]  --- creating magfield GRP -----
magnet currents (A) L3 = -30000.000, Dipole = -6000; uniformity = false
[INFO] file grp_grpMagField.root copied/published to "/storage1/daviddc/k0gun/.ccdb/GLO/Config/GRPMagField/snapshot.root"
[INFO]  --- creating GRP LHCIF -----
[INFO] Initializing with default bunch filling
01/01/19 00:00:00 UTC: Fill              : 0
01/01/19 00:00:00 UTC: Injection scheme  : 
01/01/19 00:00:00 UTC: Beam energy per Z : 6800
01/01/19 00:00:00 UTC: A beam1 (clock)   : 1
01/01/19 00:00:00 UTC: A beam2 (a-clock) : 1
01/01/19 00:00:00 UTC: Bunch filling
Interacting bunches
   0    2    4    6    8   10   12   14   16   18   20   22   24   26   28   30   32   34   36   38   40   42   44   46   48   50   52   54   56   58   60   62   64   66   68   70   72   74   76   78   80   82   84   86   88   90   92   94  192  194  196  198  200  202  204  206  208  210  212  214  216  218  220  222  224  226  228  230  232  234  236  238  240  242  244  246  248  250  252  254  256  258  260  262  264  266  268  270  272  274  276  278  280  282  284  286  384  386  388  390  392  394  396  398  400  402  404  406  408  410  412  414  416  418  420  422  424  426  428  430  432  434  436  438  440  442  444  446  448  450  452  454  456  458  460  462  464  466  468  470  472  474  476  478  576  578  580  582  584  586  588  590  592  594  596  598  600  602  604  606  608  610  612  614  616  618  620  622  624  626  628  630  632  634  636  638  640  642  644  646  648  650  652  654  656  658  660  662  664  666  668  670  768  770  772  774  776  778  780  782  784  786  788  790  792  794  796  798  800  802  804  806  808  810  812  814  816  818  820  822  824  826  828  830  832  834  836  838  840  842  844  846  848  850  852  854  856  858  860  862  960  962  964  966  968  970  972  974  976  978  980  982  984  986  988  990  992  994  996  998 1000 1002 1004 1006 1008 1010 1012 1014 1016 1018 1020 1022 1024 1026 1028 1030 1032 1034 1036 1038 1040 1042 1044 1046 1048 1050 1052 1054 1152 1154 1156 1158 1160 1162 1164 1166 1168 1170 1172 1174 1176 1178 1180 1182 1184 1186 1188 1190 1192 1194 1196 1198 1200 1202 1204 1206 1208 1210 1212 1214 1216 1218 1220 1222 1224 1226 1228 1230 1232 1234 1236 1238 1240 1242 1244 1246 1344 1346 1348 1350 1352 1354 1356 1358 1360 1362 1364 1366 1368 1370 1372 1374 1376 1378 1380 1382 1384 1386 1388 1390 1392 1394 1396 1398 1400 1402 1404 1406 1408 1410 1412 1414 1416 1418 1420 1422 1424 1426 1428 1430 1432 1434 1436 1438 1536 1538 1540 1542 1544 1546 1548 1550 1552 1554 1556 1558 1560 1562 1564 1566 1568 1570 1572 1574 1576 1578 1580 1582 1584 1586 1588 1590 1592 1594 1596 1598 1600 1602 1604 1606 1608 1610 1612 1614 1616 1618 1620 1622 1624 1626 1628 1630 1728 1730 1732 1734 1736 1738 1740 1742 1744 1746 1748 1750 1752 1754 1756 1758 1760 1762 1764 1766 1768 1770 1772 1774 1776 1778 1780 1782 1784 1786 1788 1790 1792 1794 1796 1798 1800 1802 1804 1806 1808 1810 1812 1814 1816 1818 1820 1822 1920 1922 1924 1926 1928 1930 1932 1934 1936 1938 1940 1942 1944 1946 1948 1950 1952 1954 1956 1958 1960 1962 1964 1966 1968 1970 1972 1974 1976 1978 1980 1982 1984 1986 1988 1990 1992 1994 1996 1998 2000 2002 2004 2006 2008 2010 2012 2014 2112 2114 2116 2118 2120 2122 2124 2126 2128 2130 2132 2134 2136 2138 2140 2142 2144 2146 2148 2150 2152 2154 2156 2158 2160 2162 2164 2166 2168 2170 2172 2174 2176 2178 2180 2182 2184 2186 2188 2190 2192 2194 2196 2198 2200 2202 2204 2206 
Beam-A bunches
   0    2    4    6    8   10   12   14   16   18   20   22   24   26   28   30   32   34   36   38   40   42   44   46   48   50   52   54   56   58   60   62   64   66   68   70   72   74   76   78   80   82   84   86   88   90   92   94  192  194  196  198  200  202  204  206  208  210  212  214  216  218  220  222  224  226  228  230  232  234  236  238  240  242  244  246  248  250  252  254  256  258  260  262  264  266  268  270  272  274  276  278  280  282  284  286  384  386  388  390  392  394  396  398  400  402  404  406  408  410  412  414  416  418  420  422  424  426  428  430  432  434  436  438  440  442  444  446  448  450  452  454  456  458  460  462  464  466  468  470  472  474  476  478  576  578  580  582  584  586  588  590  592  594  596  598  600  602  604  606  608  610  612  614  616  618  620  622  624  626  628  630  632  634  636  638  640  642  644  646  648  650  652  654  656  658  660  662  664  666  668  670  768  770  772  774  776  778  780  782  784  786  788  790  792  794  796  798  800  802  804  806  808  810  812  814  816  818  820  822  824  826  828  830  832  834  836  838  840  842  844  846  848  850  852  854  856  858  860  862  960  962  964  966  968  970  972  974  976  978  980  982  984  986  988  990  992  994  996  998 1000 1002 1004 1006 1008 1010 1012 1014 1016 1018 1020 1022 1024 1026 1028 1030 1032 1034 1036 1038 1040 1042 1044 1046 1048 1050 1052 1054 1152 1154 1156 1158 1160 1162 1164 1166 1168 1170 1172 1174 1176 1178 1180 1182 1184 1186 1188 1190 1192 1194 1196 1198 1200 1202 1204 1206 1208 1210 1212 1214 1216 1218 1220 1222 1224 1226 1228 1230 1232 1234 1236 1238 1240 1242 1244 1246 1344 1346 1348 1350 1352 1354 1356 1358 1360 1362 1364 1366 1368 1370 1372 1374 1376 1378 1380 1382 1384 1386 1388 1390 1392 1394 1396 1398 1400 1402 1404 1406 1408 1410 1412 1414 1416 1418 1420 1422 1424 1426 1428 1430 1432 1434 1436 1438 1536 1538 1540 1542 1544 1546 1548 1550 1552 1554 1556 1558 1560 1562 1564 1566 1568 1570 1572 1574 1576 1578 1580 1582 1584 1586 1588 1590 1592 1594 1596 1598 1600 1602 1604 1606 1608 1610 1612 1614 1616 1618 1620 1622 1624 1626 1628 1630 1728 1730 1732 1734 1736 1738 1740 1742 1744 1746 1748 1750 1752 1754 1756 1758 1760 1762 1764 1766 1768 1770 1772 1774 1776 1778 1780 1782 1784 1786 1788 1790 1792 1794 1796 1798 1800 1802 1804 1806 1808 1810 1812 1814 1816 1818 1820 1822 1920 1922 1924 1926 1928 1930 1932 1934 1936 1938 1940 1942 1944 1946 1948 1950 1952 1954 1956 1958 1960 1962 1964 1966 1968 1970 1972 1974 1976 1978 1980 1982 1984 1986 1988 1990 1992 1994 1996 1998 2000 2002 2004 2006 2008 2010 2012 2014 2112 2114 2116 2118 2120 2122 2124 2126 2128 2130 2132 2134 2136 2138 2140 2142 2144 2146 2148 2150 2152 2154 2156 2158 2160 2162 2164 2166 2168 2170 2172 2174 2176 2178 2180 2182 2184 2186 2188 2190 2192 2194 2196 2198 2200 2202 2204 2206 
Beam-C bunches
   0    2    4    6    8   10   12   14   16   18   20   22   24   26   28   30   32   34   36   38   40   42   44   46   48   50   52   54   56   58   60   62   64   66   68   70   72   74   76   78   80   82   84   86   88   90   92   94  192  194  196  198  200  202  204  206  208  210  212  214  216  218  220  222  224  226  228  230  232  234  236  238  240  242  244  246  248  250  252  254  256  258  260  262  264  266  268  270  272  274  276  278  280  282  284  286  384  386  388  390  392  394  396  398  400  402  404  406  408  410  412  414  416  418  420  422  424  426  428  430  432  434  436  438  440  442  444  446  448  450  452  454  456  458  460  462  464  466  468  470  472  474  476  478  576  578  580  582  584  586  588  590  592  594  596  598  600  602  604  606  608  610  612  614  616  618  620  622  624  626  628  630  632  634  636  638  640  642  644  646  648  650  652  654  656  658  660  662  664  666  668  670  768  770  772  774  776  778  780  782  784  786  788  790  792  794  796  798  800  802  804  806  808  810  812  814  816  818  820  822  824  826  828  830  832  834  836  838  840  842  844  846  848  850  852  854  856  858  860  862  960  962  964  966  968  970  972  974  976  978  980  982  984  986  988  990  992  994  996  998 1000 1002 1004 1006 1008 1010 1012 1014 1016 1018 1020 1022 1024 1026 1028 1030 1032 1034 1036 1038 1040 1042 1044 1046 1048 1050 1052 1054 1152 1154 1156 1158 1160 1162 1164 1166 1168 1170 1172 1174 1176 1178 1180 1182 1184 1186 1188 1190 1192 1194 1196 1198 1200 1202 1204 1206 1208 1210 1212 1214 1216 1218 1220 1222 1224 1226 1228 1230 1232 1234 1236 1238 1240 1242 1244 1246 1344 1346 1348 1350 1352 1354 1356 1358 1360 1362 1364 1366 1368 1370 1372 1374 1376 1378 1380 1382 1384 1386 1388 1390 1392 1394 1396 1398 1400 1402 1404 1406 1408 1410 1412 1414 1416 1418 1420 1422 1424 1426 1428 1430 1432 1434 1436 1438 1536 1538 1540 1542 1544 1546 1548 1550 1552 1554 1556 1558 1560 1562 1564 1566 1568 1570 1572 1574 1576 1578 1580 1582 1584 1586 1588 1590 1592 1594 1596 1598 1600 1602 1604 1606 1608 1610 1612 1614 1616 1618 1620 1622 1624 1626 1628 1630 1728 1730 1732 1734 1736 1738 1740 1742 1744 1746 1748 1750 1752 1754 1756 1758 1760 1762 1764 1766 1768 1770 1772 1774 1776 1778 1780 1782 1784 1786 1788 1790 1792 1794 1796 1798 1800 1802 1804 1806 1808 1810 1812 1814 1816 1818 1820 1822 1920 1922 1924 1926 1928 1930 1932 1934 1936 1938 1940 1942 1944 1946 1948 1950 1952 1954 1956 1958 1960 1962 1964 1966 1968 1970 1972 1974 1976 1978 1980 1982 1984 1986 1988 1990 1992 1994 1996 1998 2000 2002 2004 2006 2008 2010 2012 2014 2112 2114 2116 2118 2120 2122 2124 2126 2128 2130 2132 2134 2136 2138 2140 2142 2144 2146 2148 2150 2152 2154 2156 2158 2160 2162 2164 2166 2168 2170 2172 2174 2176 2178 2180 2182 2184 2186 2188 2190 2192 2194 2196 2198 2200 2202 2204 2206 
[INFO] file grp_grplhcif.root copied/published to "/storage1/daviddc/k0gun/.ccdb/GLO/Config/GRPLHCIF/snapshot.root"
TASK-EXIT-CODE: 0
